<?xml version="1.0" encoding="UTF-8"?>
<!-- Generated by org.testng.reporters.JUnitXMLReporter -->
<testsuite ignored="0" hostname="Testing-01" failures="0" tests="2" name="Error Validations Test" time="40.355" errors="0" timestamp="19 Apr 2024 07:04:16 GMT">
  <testcase classname="rahulshettyacademy.tests.ErrorValidationsTest" name="LoginErrorValidation" time="1.254"/>
  <testcase classname="rahulshettyacademy.tests.ErrorValidationsTest" name="ProductErrorValidation" time="3.382"/>
</testsuite> <!-- Error Validations Test -->
