<?xml version="1.0" encoding="UTF-8"?>
<testng-results ignored="0" total="5" passed="5" failed="0" skipped="0">
  <reporter-output>
  </reporter-output>
  <suite started-at="2024-04-19T07:28:41Z" name="Suite" finished-at="2024-04-19T07:30:19Z" duration-ms="98026">
    <groups>
      <group name="Purchase">
        <method signature="SubmitOrderTest.submitOrder(java.util.HashMap)[pri:0, instance:rahulshettyacademy.tests.SubmitOrderTest@7d1cfb8b]" name="submitOrder" class="rahulshettyacademy.tests.SubmitOrderTest"/>
      </group> <!-- Purchase -->
      <group name="ErrorHandling">
        <method signature="ErrorValidationsTest.LoginErrorValidation()[pri:0, instance:rahulshettyacademy.tests.ErrorValidationsTest@79179359]" name="LoginErrorValidation" class="rahulshettyacademy.tests.ErrorValidationsTest"/>
      </group> <!-- ErrorHandling -->
    </groups>
    <test started-at="2024-04-19T07:28:41Z" name="Error Validations Test" finished-at="2024-04-19T07:30:01Z" duration-ms="80384">
      <class name="rahulshettyacademy.tests.ErrorValidationsTest">
        <test-method is-config="true" signature="launchApplication()[pri:0, instance:rahulshettyacademy.tests.ErrorValidationsTest@79179359]" started-at="2024-04-19T07:28:41Z" name="launchApplication" finished-at="2024-04-19T07:29:28Z" duration-ms="47590" status="PASS">
          <reporter-output>
          </reporter-output>
        </test-method> <!-- launchApplication -->
        <test-method signature="LoginErrorValidation()[pri:0, instance:rahulshettyacademy.tests.ErrorValidationsTest@79179359]" started-at="2024-04-19T07:29:28Z" name="LoginErrorValidation" finished-at="2024-04-19T07:29:30Z" duration-ms="2247" status="PASS">
          <reporter-output>
          </reporter-output>
        </test-method> <!-- LoginErrorValidation -->
        <test-method is-config="true" signature="tearDown()[pri:0, instance:rahulshettyacademy.tests.ErrorValidationsTest@79179359]" started-at="2024-04-19T07:29:30Z" name="tearDown" finished-at="2024-04-19T07:29:32Z" duration-ms="2048" status="PASS">
          <reporter-output>
          </reporter-output>
        </test-method> <!-- tearDown -->
        <test-method is-config="true" signature="launchApplication()[pri:0, instance:rahulshettyacademy.tests.ErrorValidationsTest@79179359]" started-at="2024-04-19T07:29:32Z" name="launchApplication" finished-at="2024-04-19T07:29:50Z" duration-ms="17032" status="PASS">
          <reporter-output>
          </reporter-output>
        </test-method> <!-- launchApplication -->
        <test-method signature="ProductErrorValidation()[pri:0, instance:rahulshettyacademy.tests.ErrorValidationsTest@79179359]" started-at="2024-04-19T07:29:50Z" name="ProductErrorValidation" finished-at="2024-04-19T07:29:57Z" duration-ms="7361" status="PASS">
          <reporter-output>
          </reporter-output>
        </test-method> <!-- ProductErrorValidation -->
        <test-method is-config="true" signature="tearDown()[pri:0, instance:rahulshettyacademy.tests.ErrorValidationsTest@79179359]" started-at="2024-04-19T07:29:57Z" name="tearDown" finished-at="2024-04-19T07:30:01Z" duration-ms="4059" status="PASS">
          <reporter-output>
          </reporter-output>
        </test-method> <!-- tearDown -->
      </class> <!-- rahulshettyacademy.tests.ErrorValidationsTest -->
    </test> <!-- Error Validations Test -->
    <test started-at="2024-04-19T07:28:41Z" name="Submit Order Test" finished-at="2024-04-19T07:30:19Z" duration-ms="98026">
      <class name="rahulshettyacademy.tests.SubmitOrderTest">
        <test-method is-config="true" signature="launchApplication()[pri:0, instance:rahulshettyacademy.tests.SubmitOrderTest@7d1cfb8b]" started-at="2024-04-19T07:28:42Z" name="launchApplication" finished-at="2024-04-19T07:29:29Z" duration-ms="47139" status="PASS">
          <reporter-output>
          </reporter-output>
        </test-method> <!-- launchApplication -->
        <test-method signature="submitOrder(java.util.HashMap)[pri:0, instance:rahulshettyacademy.tests.SubmitOrderTest@7d1cfb8b]" started-at="2024-04-19T07:29:29Z" name="submitOrder" data-provider="getData" finished-at="2024-04-19T07:29:35Z" duration-ms="5862" status="PASS">
          <params>
            <param index="0">
              <value>
                <![CDATA[{password=Iamking@000, product=ZARA COAT 3, email=anshika@gmail.com}]]>
              </value>
            </param>
          </params>
          <reporter-output>
          </reporter-output>
        </test-method> <!-- submitOrder -->
        <test-method is-config="true" signature="tearDown()[pri:0, instance:rahulshettyacademy.tests.SubmitOrderTest@7d1cfb8b]" started-at="2024-04-19T07:29:35Z" name="tearDown" finished-at="2024-04-19T07:29:37Z" duration-ms="2465" status="PASS">
          <reporter-output>
          </reporter-output>
        </test-method> <!-- tearDown -->
        <test-method is-config="true" signature="launchApplication()[pri:0, instance:rahulshettyacademy.tests.SubmitOrderTest@7d1cfb8b]" started-at="2024-04-19T07:29:37Z" name="launchApplication" finished-at="2024-04-19T07:30:02Z" duration-ms="25092" status="PASS">
          <reporter-output>
          </reporter-output>
        </test-method> <!-- launchApplication -->
        <test-method signature="submitOrder(java.util.HashMap)[pri:0, instance:rahulshettyacademy.tests.SubmitOrderTest@7d1cfb8b]" started-at="2024-04-19T07:30:02Z" name="submitOrder" data-provider="getData" finished-at="2024-04-19T07:30:07Z" duration-ms="4245" status="PASS">
          <params>
            <param index="0">
              <value>
                <![CDATA[{password=Iamking@000, product=ADIDAS ORIGINAL, email=shetty@gmail.com}]]>
              </value>
            </param>
          </params>
          <reporter-output>
          </reporter-output>
        </test-method> <!-- submitOrder -->
        <test-method is-config="true" signature="tearDown()[pri:0, instance:rahulshettyacademy.tests.SubmitOrderTest@7d1cfb8b]" started-at="2024-04-19T07:30:07Z" name="tearDown" finished-at="2024-04-19T07:30:07Z" duration-ms="268" status="PASS">
          <reporter-output>
          </reporter-output>
        </test-method> <!-- tearDown -->
        <test-method is-config="true" signature="launchApplication()[pri:0, instance:rahulshettyacademy.tests.SubmitOrderTest@7d1cfb8b]" started-at="2024-04-19T07:30:07Z" name="launchApplication" finished-at="2024-04-19T07:30:17Z" duration-ms="10295" status="PASS">
          <reporter-output>
          </reporter-output>
        </test-method> <!-- launchApplication -->
        <test-method signature="OrderHistoryTest()[pri:0, instance:rahulshettyacademy.tests.SubmitOrderTest@7d1cfb8b]" started-at="2024-04-19T07:30:17Z" name="OrderHistoryTest" finished-at="2024-04-19T07:30:18Z" depends-on-methods="rahulshettyacademy.tests.SubmitOrderTest.submitOrder" duration-ms="1233" status="PASS">
          <reporter-output>
          </reporter-output>
        </test-method> <!-- OrderHistoryTest -->
        <test-method is-config="true" signature="tearDown()[pri:0, instance:rahulshettyacademy.tests.SubmitOrderTest@7d1cfb8b]" started-at="2024-04-19T07:30:18Z" name="tearDown" finished-at="2024-04-19T07:30:19Z" duration-ms="266" status="PASS">
          <reporter-output>
          </reporter-output>
        </test-method> <!-- tearDown -->
      </class> <!-- rahulshettyacademy.tests.SubmitOrderTest -->
    </test> <!-- Submit Order Test -->
  </suite> <!-- Suite -->
</testng-results>
